<?xml version="1.0" encoding="UTF-8"?>
<testsuite name="User Creates an account" tests="1" skipped="0" failures="0" errors="0" timestamp="2022-03-31T22:21:18" hostname="CHMEPPF0FNLNZ" time="47.245">
  <properties/>
  <testcase name="User can't login without a valid username" classname="User Creates an account" time="47.245"/>
  <system-out><![CDATA[]]></system-out>
  <system-err><![CDATA[mar 31, 2022 5:21:20 PM org.openqa.selenium.remote.DesiredCapabilities chrome
INFORMACIÓN: Using `new ChromeOptions()` is preferred to `DesiredCapabilities.chrome()`
Starting ChromeDriver 99.0.4844.51 (d537ec02474b5afe23684e7963d538896c63ac77-refs/branch-heads/4844@{#875}) on port 22932
Only local connections are allowed.
Please see https://chromedriver.chromium.org/security-considerations for suggestions on keeping ChromeDriver safe.
ChromeDriver was started successfully.
[1648765286.200][WARNING]: This version of ChromeDriver has not been tested with Chrome version 100.
mar 31, 2022 5:21:27 PM org.openqa.selenium.remote.ProtocolHandshake createSession
INFORMACIÓN: Detected dialect: W3C
]]></system-err>
</testsuite>
